  stdafx.cpp
  Init.cpp
c:\users\91498\documents\testing\visualstudio\superpainter\superpainter\entry.h : warning C4819: 该文件包含不能在当前代码页(936)中表示的字符。请将该文件保存为 Unicode 格式以防止数据丢失
c:\users\91498\documents\testing\visualstudio\superpainter\superpainter\movement.h : warning C4819: 该文件包含不能在当前代码页(936)中表示的字符。请将该文件保存为 Unicode 格式以防止数据丢失
c:\users\91498\documents\testing\visualstudio\superpainter\superpainter\frame.h : warning C4819: 该文件包含不能在当前代码页(936)中表示的字符。请将该文件保存为 Unicode 格式以防止数据丢失
  superpainter.cpp
c:\users\91498\documents\testing\visualstudio\superpainter\superpainter\entry.h : warning C4819: 该文件包含不能在当前代码页(936)中表示的字符。请将该文件保存为 Unicode 格式以防止数据丢失
c:\users\91498\documents\testing\visualstudio\superpainter\superpainter\movement.h : warning C4819: 该文件包含不能在当前代码页(936)中表示的字符。请将该文件保存为 Unicode 格式以防止数据丢失
c:\users\91498\documents\testing\visualstudio\superpainter\superpainter\frame.h : warning C4819: 该文件包含不能在当前代码页(936)中表示的字符。请将该文件保存为 Unicode 格式以防止数据丢失
  polygons.cpp
c:\users\91498\documents\testing\visualstudio\superpainter\superpainter\entry.h : warning C4819: 该文件包含不能在当前代码页(936)中表示的字符。请将该文件保存为 Unicode 格式以防止数据丢失
c:\users\91498\documents\testing\visualstudio\superpainter\superpainter\movement.h : warning C4819: 该文件包含不能在当前代码页(936)中表示的字符。请将该文件保存为 Unicode 格式以防止数据丢失
c:\users\91498\documents\testing\visualstudio\superpainter\superpainter\frame.h : warning C4819: 该文件包含不能在当前代码页(936)中表示的字符。请将该文件保存为 Unicode 格式以防止数据丢失
  movement.cpp
c:\users\91498\documents\testing\visualstudio\superpainter\superpainter\entry.h : warning C4819: 该文件包含不能在当前代码页(936)中表示的字符。请将该文件保存为 Unicode 格式以防止数据丢失
c:\users\91498\documents\testing\visualstudio\superpainter\superpainter\movement.h : warning C4819: 该文件包含不能在当前代码页(936)中表示的字符。请将该文件保存为 Unicode 格式以防止数据丢失
c:\users\91498\documents\testing\visualstudio\superpainter\superpainter\frame.h : warning C4819: 该文件包含不能在当前代码页(936)中表示的字符。请将该文件保存为 Unicode 格式以防止数据丢失
  graphic.cpp
c:\users\91498\documents\testing\visualstudio\superpainter\superpainter\entry.h : warning C4819: 该文件包含不能在当前代码页(936)中表示的字符。请将该文件保存为 Unicode 格式以防止数据丢失
c:\users\91498\documents\testing\visualstudio\superpainter\superpainter\movement.h : warning C4819: 该文件包含不能在当前代码页(936)中表示的字符。请将该文件保存为 Unicode 格式以防止数据丢失
c:\users\91498\documents\testing\visualstudio\superpainter\superpainter\frame.h : warning C4819: 该文件包含不能在当前代码页(936)中表示的字符。请将该文件保存为 Unicode 格式以防止数据丢失
  frame.cpp
c:\users\91498\documents\testing\visualstudio\superpainter\superpainter\entry.h : warning C4819: 该文件包含不能在当前代码页(936)中表示的字符。请将该文件保存为 Unicode 格式以防止数据丢失
c:\users\91498\documents\testing\visualstudio\superpainter\superpainter\movement.h : warning C4819: 该文件包含不能在当前代码页(936)中表示的字符。请将该文件保存为 Unicode 格式以防止数据丢失
c:\users\91498\documents\testing\visualstudio\superpainter\superpainter\frame.h : warning C4819: 该文件包含不能在当前代码页(936)中表示的字符。请将该文件保存为 Unicode 格式以防止数据丢失
  Entry.cpp
c:\users\91498\documents\testing\visualstudio\superpainter\superpainter\entry.h : warning C4819: 该文件包含不能在当前代码页(936)中表示的字符。请将该文件保存为 Unicode 格式以防止数据丢失
c:\users\91498\documents\testing\visualstudio\superpainter\superpainter\movement.h : warning C4819: 该文件包含不能在当前代码页(936)中表示的字符。请将该文件保存为 Unicode 格式以防止数据丢失
c:\users\91498\documents\testing\visualstudio\superpainter\superpainter\frame.h : warning C4819: 该文件包含不能在当前代码页(936)中表示的字符。请将该文件保存为 Unicode 格式以防止数据丢失
  button.cpp
c:\users\91498\documents\testing\visualstudio\superpainter\superpainter\entry.h : warning C4819: 该文件包含不能在当前代码页(936)中表示的字符。请将该文件保存为 Unicode 格式以防止数据丢失
c:\users\91498\documents\testing\visualstudio\superpainter\superpainter\movement.h : warning C4819: 该文件包含不能在当前代码页(936)中表示的字符。请将该文件保存为 Unicode 格式以防止数据丢失
c:\users\91498\documents\testing\visualstudio\superpainter\superpainter\frame.h : warning C4819: 该文件包含不能在当前代码页(936)中表示的字符。请将该文件保存为 Unicode 格式以防止数据丢失
  正在生成代码...
c:\users\91498\documents\testing\visualstudio\superpainter\superpainter\entry.cpp(470): warning C4715: “Entry::deletePoint”: 不是所有的控件路径都返回值
c:\users\91498\documents\testing\visualstudio\superpainter\superpainter\polygons.cpp(37): warning C4715: “polygons::remove”: 不是所有的控件路径都返回值
  superpainter.vcxproj -> C:\Users\91498\Documents\testing\visualstudio\superpainter\Debug\superpainter.exe
